C:\Program Files\Microsoft Visual Studio\2022\Enterprise\MSBuild\Microsoft\VC\v170\Microsoft.CppBuild.targets(531,5): warning MSB8028: The intermediate directory (Debug\) contains files shared from another project (Module #1 Assignment - Intro to C.vcxproj).  This can lead to incorrect clean and rebuild behavior.
cl : command line  warning D9025: overriding '/sdl' with '/GS-'
  source.c
C:\Users\Kyler\source\repos\Module #1 Assignment - Intro to C\Module #1 Assignment - Intro to C\source.c(13,20): warning C4018: '<': signed/unsigned mismatch
C:\Users\Kyler\source\repos\Module #1 Assignment - Intro to C\Module #1 Assignment - Intro to C\source.c(34,2): warning C4996: 'strcpy': This function or variable may be unsafe. Consider using strcpy_s instead. To disable deprecation, use _CRT_SECURE_NO_WARNINGS. See online help for details.
C:\Users\Kyler\source\repos\Module #1 Assignment - Intro to C\Module #1 Assignment - Intro to C\source.c(68,28): warning C4047: '!=': 'char [5]' differs in levels of indirection from 'int'
C:\Users\Kyler\source\repos\Module #1 Assignment - Intro to C\Module #1 Assignment - Intro to C\source.c(75,2): warning C4047: 'return': 'char **' differs in levels of indirection from 'char [26][2]'
C:\Users\Kyler\source\repos\Module #1 Assignment - Intro to C\Module #1 Assignment - Intro to C\source.c(54,2): warning C4996: 'scanf': This function or variable may be unsafe. Consider using scanf_s instead. To disable deprecation, use _CRT_SECURE_NO_WARNINGS. See online help for details.
C:\Users\Kyler\source\repos\Module #1 Assignment - Intro to C\Module #1 Assignment - Intro to C\source.c(57,15): warning C4996: 'fopen': This function or variable may be unsafe. Consider using fopen_s instead. To disable deprecation, use _CRT_SECURE_NO_WARNINGS. See online help for details.
C:\Users\Kyler\source\repos\Module #1 Assignment - Intro to C\Module #1 Assignment - Intro to C\source.c(82,11): warning C4098: 'write': 'void' function returning a value
C:\Users\Kyler\source\repos\Module #1 Assignment - Intro to C\Module #1 Assignment - Intro to C\source.c(84,20): warning C4018: '<': signed/unsigned mismatch
C:\Users\Kyler\source\repos\Module #1 Assignment - Intro to C\Module #1 Assignment - Intro to C\source.c(87,20): warning C4018: '<': signed/unsigned mismatch
C:\Users\Kyler\source\repos\Module #1 Assignment - Intro to C\Module #1 Assignment - Intro to C\source.c(79,16): warning C4996: 'fopen': This function or variable may be unsafe. Consider using fopen_s instead. To disable deprecation, use _CRT_SECURE_NO_WARNINGS. See online help for details.
C:\Users\Kyler\source\repos\Module #1 Assignment - Intro to C\Module #1 Assignment - Intro to C\source.c(86,14): warning C4996: 'fopen': This function or variable may be unsafe. Consider using fopen_s instead. To disable deprecation, use _CRT_SECURE_NO_WARNINGS. See online help for details.
C:\Users\Kyler\source\repos\Module #1 Assignment - Intro to C\Module #1 Assignment - Intro to C\source.c(93,9): warning C4047: 'function': 'char *' differs in levels of indirection from 'char [26][2]'
C:\Users\Kyler\source\repos\Module #1 Assignment - Intro to C\Module #1 Assignment - Intro to C\source.c(93,9): warning C4024: 'strcpy': different types for formal and actual parameter 1
C:\Users\Kyler\source\repos\Module #1 Assignment - Intro to C\Module #1 Assignment - Intro to C\source.c(93,17): warning C4047: 'function': 'const char *' differs in levels of indirection from 'char **'
C:\Users\Kyler\source\repos\Module #1 Assignment - Intro to C\Module #1 Assignment - Intro to C\source.c(93,17): warning C4024: 'strcpy': different types for formal and actual parameter 2
C:\Users\Kyler\source\repos\Module #1 Assignment - Intro to C\Module #1 Assignment - Intro to C\source.c(105,20): warning C4018: '<': signed/unsigned mismatch
C:\Users\Kyler\source\repos\Module #1 Assignment - Intro to C\Module #1 Assignment - Intro to C\source.c(93,2): warning C4996: 'strcpy': This function or variable may be unsafe. Consider using strcpy_s instead. To disable deprecation, use _CRT_SECURE_NO_WARNINGS. See online help for details.
C:\Users\Kyler\source\repos\Module #1 Assignment - Intro to C\Module #1 Assignment - Intro to C\source.c(96,2): warning C4996: 'scanf': This function or variable may be unsafe. Consider using scanf_s instead. To disable deprecation, use _CRT_SECURE_NO_WARNINGS. See online help for details.
C:\Users\Kyler\source\repos\Module #1 Assignment - Intro to C\Module #1 Assignment - Intro to C\source.c(99,2): warning C4996: 'strcpy': This function or variable may be unsafe. Consider using strcpy_s instead. To disable deprecation, use _CRT_SECURE_NO_WARNINGS. See online help for details.
C:\Users\Kyler\source\repos\Module #1 Assignment - Intro to C\Module #1 Assignment - Intro to C\source.c(103,2): warning C4996: 'strcpy': This function or variable may be unsafe. Consider using strcpy_s instead. To disable deprecation, use _CRT_SECURE_NO_WARNINGS. See online help for details.
C:\Users\Kyler\source\repos\Module #1 Assignment - Intro to C\Module #1 Assignment - Intro to C\source.c(109,2): warning C4996: 'scanf': This function or variable may be unsafe. Consider using scanf_s instead. To disable deprecation, use _CRT_SECURE_NO_WARNINGS. See online help for details.
C:\Users\Kyler\source\repos\Module #1 Assignment - Intro to C\Module #1 Assignment - Intro to C\source.c(46): warning C4172: returning address of local variable or temporary: phrase
C:\Users\Kyler\source\repos\Module #1 Assignment - Intro to C\Module #1 Assignment - Intro to C\source.c(75): warning C4172: returning address of local variable or temporary: keyfile
  Module #1 Assignment - Intro to C.vcxproj -> C:\Users\Kyler\source\repos\Module #1 Assignment - Intro to C\Debug\Encrypt.exe
